<?xml version="1.0" encoding="UTF-8"?>
<testng-results skipped="0" failed="0" ignored="0" total="1" passed="1">
  <reporter-output>
  </reporter-output>
  <suite name="Default suite" duration-ms="964" started-at="2017-09-24T10:27:30Z" finished-at="2017-09-24T10:27:31Z">
    <groups>
    </groups>
    <test name="Default test" duration-ms="964" started-at="2017-09-24T10:27:30Z" finished-at="2017-09-24T10:27:31Z">
      <class name="GroupCalc.Calculator.test.PlusTest">
        <test-method status="PASS" signature="setUp()[pri:0, instance:GroupCalc.Calculator.test.PlusTest@3e6fa38a]" name="setUp" is-config="true" duration-ms="7914" started-at="2017-09-24T13:27:22Z" finished-at="2017-09-24T13:27:30Z">
          <reporter-output>
          </reporter-output>
        </test-method> <!-- setUp -->
        <test-method status="PASS" signature="smokePlus()[pri:1, instance:GroupCalc.Calculator.test.PlusTest@3e6fa38a]" name="smokePlus" duration-ms="948" started-at="2017-09-24T13:27:30Z" finished-at="2017-09-24T13:27:31Z">
          <reporter-output>
          </reporter-output>
        </test-method> <!-- smokePlus -->
        <test-method status="PASS" signature="tearDown()[pri:0, instance:GroupCalc.Calculator.test.PlusTest@3e6fa38a]" name="tearDown" is-config="true" duration-ms="0" started-at="2017-09-24T13:27:31Z" finished-at="2017-09-24T13:27:31Z">
          <reporter-output>
          </reporter-output>
        </test-method> <!-- tearDown -->
      </class> <!-- GroupCalc.Calculator.test.PlusTest -->
    </test> <!-- Default test -->
  </suite> <!-- Default suite -->
</testng-results>
