<?xml version="1.0" encoding="UTF-8"?>
<!-- Generated by org.testng.reporters.JUnitXMLReporter -->
<testsuite hostname="DESKTOP-UVENGDO" ignored="4" name="Test" tests="1" failures="0" timestamp="10 окт 2017 14:33:04 GMT" time="1.61" errors="0">
  <testcase name="smokeTest" time="1.598" classname="GroupCalc.Calculator.test.Smoke"/>
  <testcase name="@AfterSuite tearDown" time="0.0" classname="GroupCalc.Calculator.test.TestBase">
    <ignored/>
  </testcase> <!-- @AfterSuite tearDown -->
  <testcase name="@AfterSuite tearDown" time="0.0" classname="GroupCalc.Calculator.test.TestBase">
    <ignored/>
  </testcase> <!-- @AfterSuite tearDown -->
  <testcase name="@BeforeSuite setUp" time="0.0" classname="GroupCalc.Calculator.test.TestBase">
    <ignored/>
  </testcase> <!-- @BeforeSuite setUp -->
  <testcase name="@BeforeSuite setUp" time="0.0" classname="GroupCalc.Calculator.test.TestBase">
    <ignored/>
  </testcase> <!-- @BeforeSuite setUp -->
</testsuite> <!-- Test -->
